<?xml version="1.0" encoding="UTF-8"?>
<!-- Generated by org.testng.reporters.JUnitReportReporter -->
<testsuite hostname="MansiPatel" failures="0" tests="3" name="com.crm.qa.testcases.LoginPageTest" time="22.980" errors="0" timestamp="12 Sep. 2023 16:34:03 GMT" skipped="0">
  <testcase classname="com.crm.qa.testcases.LoginPageTest" name="loginPageTitleTest" time="6.751"/>
  <testcase classname="com.crm.qa.testcases.LoginPageTest" name="crmLogoImageTest" time="5.970"/>
  <testcase classname="com.crm.qa.testcases.LoginPageTest" name="loginTest" time="10.259"/>
</testsuite> <!-- com.crm.qa.testcases.LoginPageTest -->
